c:\asm\debtmeter.native\x64\debug\debtmeter.native.pch
c:\asm\debtmeter.native\x64\debug\vc143.pdb
c:\asm\debtmeter.native\x64\debug\vc143.idb
c:\asm\debtmeter.native\x64\debug\pch.obj
c:\asm\debtmeter.native\x64\debug\backend.obj
c:\asm\debtmeter.native\x64\debug\dllmain.obj
c:\asm\debtmeter.gui\x64\debug\debtmeter.native.dll
c:\asm\debtmeter.gui\x64\debug\debtmeter.native.pdb
c:\asm\debtmeter.native\x64\debug\compute.obj
c:\asm\debtmeter.gui\x64\debug\debtmeter.native.lib
c:\asm\debtmeter.gui\x64\debug\debtmeter.native.exp
c:\asm\debtmeter.native\x64\debug\debtmeter.native.ilk
c:\asm\debtmeter.native\x64\debug\debtmeter.native.tlog\cl.command.1.tlog
c:\asm\debtmeter.native\x64\debug\debtmeter.native.tlog\cl.read.1.tlog
c:\asm\debtmeter.native\x64\debug\debtmeter.native.tlog\cl.write.1.tlog
c:\asm\debtmeter.native\x64\debug\debtmeter.native.tlog\link.command.1.tlog
c:\asm\debtmeter.native\x64\debug\debtmeter.native.tlog\link.read.1.tlog
c:\asm\debtmeter.native\x64\debug\debtmeter.native.tlog\link.secondary.1.tlog
c:\asm\debtmeter.native\x64\debug\debtmeter.native.tlog\link.write.1.tlog
c:\asm\debtmeter.native\x64\debug\debtmeter.native.tlog\masm.read.1u.tlog
c:\asm\debtmeter.native\x64\debug\debtmeter.native.tlog\masm.write.1u.tlog
